11:13:20 INFO  : Launching XSCT server: xsct.bat -n  -interactive C:\Users\aleja\Desktop\Projects\Car_Zybo\project_1\temp_xsdb_launch_script.tcl
11:13:23 INFO  : Registering command handlers for Vitis TCF services
11:13:23 INFO  : XSCT server has started successfully.
11:13:23 INFO  : Successfully done setting XSCT server connection channel  
11:13:23 INFO  : plnx-install-location is set to ''
11:13:24 INFO  : Successfully done setting workspace for the tool. 
11:13:24 INFO  : Successfully done query RDI_DATADIR 
11:14:25 INFO  : Successfully done sdx_reload_mss "C:/Users/aleja/Desktop/Projects/Car_Zybo/project_1/ZyboCarPlatform/zynq_fsbl/zynq_fsbl_bsp/system.mss"
11:14:25 INFO  : Successfully done sdx_reload_mss "C:/Users/aleja/Desktop/Projects/Car_Zybo/project_1/ZyboCarPlatform/ps7_cortexa9_0/standalone_domain/bsp/system.mss"
11:19:19 INFO  : Checking for BSP changes to sync application flags for project 'CarTest'...
11:20:02 INFO  : Connected to target on host '127.0.0.1' and port '3121'.
11:20:02 INFO  : Jtag cable 'Digilent Zybo Z7 210351AD6ADCA' is selected.
11:20:02 INFO  : 'jtag frequency' command is executed.
11:20:02 INFO  : Context for 'APU' is selected.
11:20:02 INFO  : System reset is completed.
11:20:05 INFO  : 'after 3000' command is executed.
11:20:05 INFO  : 'targets -set -filter {jtag_cable_name =~ "Digilent Zybo Z7 210351AD6ADCA" && level==0} -index 1' command is executed.
11:20:08 INFO  : FPGA configured successfully with bitstream "C:/Users/aleja/Desktop/Projects/Car_Zybo/project_1/CarTest/_ide/bitstream/design_1_wrapper.bit"
11:20:08 INFO  : Context for 'APU' is selected.
11:20:08 INFO  : Hardware design information is loaded from 'C:/Users/aleja/Desktop/Projects/Car_Zybo/project_1/ZyboCarPlatform/export/ZyboCarPlatform/hw/design_1_wrapper.xsa'.
11:20:08 INFO  : 'configparams force-mem-access 1' command is executed.
11:20:08 INFO  : Context for 'APU' is selected.
11:20:08 INFO  : Sourcing of 'C:/Users/aleja/Desktop/Projects/Car_Zybo/project_1/CarTest/_ide/psinit/ps7_init.tcl' is done.
11:20:08 INFO  : 'ps7_init' command is executed.
11:20:08 INFO  : 'ps7_post_config' command is executed.
11:20:08 INFO  : Context for processor 'ps7_cortexa9_0' is selected.
11:20:09 INFO  : The application 'C:/Users/aleja/Desktop/Projects/Car_Zybo/project_1/CarTest/Debug/CarTest.elf' is downloaded to processor 'ps7_cortexa9_0'.
11:20:09 INFO  : 'configparams force-mem-access 0' command is executed.
11:20:09 INFO  : ----------------XSDB Script----------------
connect -url tcp:127.0.0.1:3121
targets -set -nocase -filter {name =~"APU*"}
rst -system
after 3000
targets -set -filter {jtag_cable_name =~ "Digilent Zybo Z7 210351AD6ADCA" && level==0} -index 1
fpga -file C:/Users/aleja/Desktop/Projects/Car_Zybo/project_1/CarTest/_ide/bitstream/design_1_wrapper.bit
targets -set -nocase -filter {name =~"APU*"}
loadhw -hw C:/Users/aleja/Desktop/Projects/Car_Zybo/project_1/ZyboCarPlatform/export/ZyboCarPlatform/hw/design_1_wrapper.xsa -mem-ranges [list {0x40000000 0xbfffffff}]
configparams force-mem-access 1
targets -set -nocase -filter {name =~"APU*"}
source C:/Users/aleja/Desktop/Projects/Car_Zybo/project_1/CarTest/_ide/psinit/ps7_init.tcl
ps7_init
ps7_post_config
targets -set -nocase -filter {name =~ "*A9*#0"}
dow C:/Users/aleja/Desktop/Projects/Car_Zybo/project_1/CarTest/Debug/CarTest.elf
configparams force-mem-access 0
----------------End of Script----------------

11:20:09 INFO  : Memory regions updated for context APU
11:20:09 INFO  : Context for processor 'ps7_cortexa9_0' is selected.
11:20:09 INFO  : 'con' command is executed.
11:20:09 INFO  : ----------------XSDB Script (After Launch)----------------
targets -set -nocase -filter {name =~ "*A9*#0"}
con
----------------End of Script----------------

11:20:09 INFO  : Launch script is exported to file 'C:\Users\aleja\Desktop\Projects\Car_Zybo\project_1\.sdk\launch_scripts\single_application_debug\systemdebugger_cartest_system_standalone.tcl'
11:20:58 INFO  : Checking for BSP changes to sync application flags for project 'CarTest'...
11:21:11 INFO  : Checking for BSP changes to sync application flags for project 'CarTest'...
11:21:30 INFO  : Checking for BSP changes to sync application flags for project 'CarTest'...
11:22:06 INFO  : Checking for BSP changes to sync application flags for project 'CarTest'...
11:22:12 INFO  : Disconnected from the channel tcfchan#2.
11:22:12 INFO  : Connected to target on host '127.0.0.1' and port '3121'.
11:22:12 INFO  : Jtag cable 'Digilent Zybo Z7 210351AD6ADCA' is selected.
11:22:12 INFO  : 'jtag frequency' command is executed.
11:22:12 INFO  : Context for 'APU' is selected.
11:22:13 INFO  : System reset is completed.
11:22:16 INFO  : 'after 3000' command is executed.
11:22:16 INFO  : 'targets -set -filter {jtag_cable_name =~ "Digilent Zybo Z7 210351AD6ADCA" && level==0} -index 1' command is executed.
11:22:18 INFO  : FPGA configured successfully with bitstream "C:/Users/aleja/Desktop/Projects/Car_Zybo/project_1/CarTest/_ide/bitstream/design_1_wrapper.bit"
11:22:18 INFO  : Context for 'APU' is selected.
11:22:18 INFO  : Hardware design information is loaded from 'C:/Users/aleja/Desktop/Projects/Car_Zybo/project_1/ZyboCarPlatform/export/ZyboCarPlatform/hw/design_1_wrapper.xsa'.
11:22:18 INFO  : 'configparams force-mem-access 1' command is executed.
11:22:18 INFO  : Context for 'APU' is selected.
11:22:18 INFO  : Sourcing of 'C:/Users/aleja/Desktop/Projects/Car_Zybo/project_1/CarTest/_ide/psinit/ps7_init.tcl' is done.
11:22:18 INFO  : 'ps7_init' command is executed.
11:22:18 INFO  : 'ps7_post_config' command is executed.
11:22:18 INFO  : Context for processor 'ps7_cortexa9_0' is selected.
11:22:19 INFO  : The application 'C:/Users/aleja/Desktop/Projects/Car_Zybo/project_1/CarTest/Debug/CarTest.elf' is downloaded to processor 'ps7_cortexa9_0'.
11:22:19 INFO  : 'configparams force-mem-access 0' command is executed.
11:22:19 INFO  : ----------------XSDB Script----------------
connect -url tcp:127.0.0.1:3121
targets -set -nocase -filter {name =~"APU*"}
rst -system
after 3000
targets -set -filter {jtag_cable_name =~ "Digilent Zybo Z7 210351AD6ADCA" && level==0} -index 1
fpga -file C:/Users/aleja/Desktop/Projects/Car_Zybo/project_1/CarTest/_ide/bitstream/design_1_wrapper.bit
targets -set -nocase -filter {name =~"APU*"}
loadhw -hw C:/Users/aleja/Desktop/Projects/Car_Zybo/project_1/ZyboCarPlatform/export/ZyboCarPlatform/hw/design_1_wrapper.xsa -mem-ranges [list {0x40000000 0xbfffffff}]
configparams force-mem-access 1
targets -set -nocase -filter {name =~"APU*"}
source C:/Users/aleja/Desktop/Projects/Car_Zybo/project_1/CarTest/_ide/psinit/ps7_init.tcl
ps7_init
ps7_post_config
targets -set -nocase -filter {name =~ "*A9*#0"}
dow C:/Users/aleja/Desktop/Projects/Car_Zybo/project_1/CarTest/Debug/CarTest.elf
configparams force-mem-access 0
----------------End of Script----------------

11:22:19 INFO  : Memory regions updated for context APU
11:22:19 INFO  : Context for processor 'ps7_cortexa9_0' is selected.
11:22:19 INFO  : 'con' command is executed.
11:22:19 INFO  : ----------------XSDB Script (After Launch)----------------
targets -set -nocase -filter {name =~ "*A9*#0"}
con
----------------End of Script----------------

11:22:19 INFO  : Launch script is exported to file 'C:\Users\aleja\Desktop\Projects\Car_Zybo\project_1\.sdk\launch_scripts\single_application_debug\systemdebugger_cartest_system_standalone.tcl'
11:36:36 INFO  : Checking for BSP changes to sync application flags for project 'CarTest'...
11:42:04 INFO  : Checking for BSP changes to sync application flags for project 'CarTest'...
